<?xml version="1.0" encoding="UTF-8"?>
<Site BuildName="(empty)"
	BuildStamp="20250122-1315-Experimental"
	Name="zhy-SLS"
	Generator="ctest-3.22.1"
	CompilerName="/usr/bin/c++"
	CompilerVersion="11.4.0"
	OSName="Linux"
	Hostname="zhy-SLS"
	OSRelease="6.8.0-51-generic"
	OSVersion="#52~22.04.1-Ubuntu SMP PREEMPT_DYNAMIC Mon Dec  9 15:00:52 UTC 2"
	OSPlatform="x86_64"
	Is64Bits="1"
	VendorString="GenuineIntel"
	VendorID="Intel Corporation"
	FamilyID="6"
	ModelID="140"
	ProcessorCacheSize="12288"
	NumberOfLogicalCPU="8"
	NumberOfPhysicalCPU="4"
	TotalVirtualMemory="15624"
	TotalPhysicalMemory="31930"
	LogicalProcessorsPerPhysical="2"
	ProcessorClockFrequency="3334.32"
	>
	<Testing>
		<StartDateTime>Jan 22 21:15 CST</StartDateTime>
		<StartTestTime>1737551750</StartTestTime>
		<TestList>
			<Test>./lint_cmake</Test>
			<Test>./xmllint</Test>
		</TestList>
		<Test Status="passed">
			<Name>lint_cmake</Name>
			<Path>.</Path>
			<FullName>./lint_cmake</FullName>
			<FullCommandLine>/usr/bin/python3 "-u" "/opt/ros/humble/share/ament_cmake_test/cmake/run_test.py" "/home/zhy/ckyf/ros2/my_workspace/build/my_msgs/test_results/my_msgs/lint_cmake.xunit.xml" "--package-name" "my_msgs" "--output-file" "/home/zhy/ckyf/ros2/my_workspace/build/my_msgs/ament_lint_cmake/lint_cmake.txt" "--command" "/opt/ros/humble/bin/ament_lint_cmake" "--xunit-file" "/home/zhy/ckyf/ros2/my_workspace/build/my_msgs/test_results/my_msgs/lint_cmake.xunit.xml"</FullCommandLine>
			<Results>
				<NamedMeasurement type="numeric/double" name="Execution Time">
					<Value>0.0884429</Value>
				</NamedMeasurement>
				<NamedMeasurement type="numeric/double" name="Processors">
					<Value>1</Value>
				</NamedMeasurement>
				<NamedMeasurement type="text/string" name="Completion Status">
					<Value>Completed</Value>
				</NamedMeasurement>
				<NamedMeasurement type="text/string" name="Command Line">
					<Value>/usr/bin/python3 "-u" "/opt/ros/humble/share/ament_cmake_test/cmake/run_test.py" "/home/zhy/ckyf/ros2/my_workspace/build/my_msgs/test_results/my_msgs/lint_cmake.xunit.xml" "--package-name" "my_msgs" "--output-file" "/home/zhy/ckyf/ros2/my_workspace/build/my_msgs/ament_lint_cmake/lint_cmake.txt" "--command" "/opt/ros/humble/bin/ament_lint_cmake" "--xunit-file" "/home/zhy/ckyf/ros2/my_workspace/build/my_msgs/test_results/my_msgs/lint_cmake.xunit.xml"</Value>
				</NamedMeasurement>
				<NamedMeasurement type="text/string" name="Environment">
					<Value>#CTEST_RESOURCE_GROUP_COUNT=</Value>
				</NamedMeasurement>
				<Measurement>
					<Value>-- run_test.py: invoking following command in '/home/zhy/ckyf/ros2/my_workspace/src/my_msgs':
 - /opt/ros/humble/bin/ament_lint_cmake --xunit-file /home/zhy/ckyf/ros2/my_workspace/build/my_msgs/test_results/my_msgs/lint_cmake.xunit.xml

No problems found
-- run_test.py: return code 0
-- run_test.py: verify result file '/home/zhy/ckyf/ros2/my_workspace/build/my_msgs/test_results/my_msgs/lint_cmake.xunit.xml'
</Value>
				</Measurement>
			</Results>
			<Labels>
				<Label>lint_cmake</Label>
				<Label>linter</Label>
			</Labels>
		</Test>
		<Test Status="passed">
			<Name>xmllint</Name>
			<Path>.</Path>
			<FullName>./xmllint</FullName>
			<FullCommandLine>/usr/bin/python3 "-u" "/opt/ros/humble/share/ament_cmake_test/cmake/run_test.py" "/home/zhy/ckyf/ros2/my_workspace/build/my_msgs/test_results/my_msgs/xmllint.xunit.xml" "--package-name" "my_msgs" "--output-file" "/home/zhy/ckyf/ros2/my_workspace/build/my_msgs/ament_xmllint/xmllint.txt" "--command" "/opt/ros/humble/bin/ament_xmllint" "--xunit-file" "/home/zhy/ckyf/ros2/my_workspace/build/my_msgs/test_results/my_msgs/xmllint.xunit.xml"</FullCommandLine>
			<Results>
				<NamedMeasurement type="numeric/double" name="Execution Time">
					<Value>3.45353</Value>
				</NamedMeasurement>
				<NamedMeasurement type="numeric/double" name="Processors">
					<Value>1</Value>
				</NamedMeasurement>
				<NamedMeasurement type="text/string" name="Completion Status">
					<Value>Completed</Value>
				</NamedMeasurement>
				<NamedMeasurement type="text/string" name="Command Line">
					<Value>/usr/bin/python3 "-u" "/opt/ros/humble/share/ament_cmake_test/cmake/run_test.py" "/home/zhy/ckyf/ros2/my_workspace/build/my_msgs/test_results/my_msgs/xmllint.xunit.xml" "--package-name" "my_msgs" "--output-file" "/home/zhy/ckyf/ros2/my_workspace/build/my_msgs/ament_xmllint/xmllint.txt" "--command" "/opt/ros/humble/bin/ament_xmllint" "--xunit-file" "/home/zhy/ckyf/ros2/my_workspace/build/my_msgs/test_results/my_msgs/xmllint.xunit.xml"</Value>
				</NamedMeasurement>
				<NamedMeasurement type="text/string" name="Environment">
					<Value>#CTEST_RESOURCE_GROUP_COUNT=</Value>
				</NamedMeasurement>
				<Measurement>
					<Value>-- run_test.py: invoking following command in '/home/zhy/ckyf/ros2/my_workspace/src/my_msgs':
 - /opt/ros/humble/bin/ament_xmllint --xunit-file /home/zhy/ckyf/ros2/my_workspace/build/my_msgs/test_results/my_msgs/xmllint.xunit.xml
File 'package.xml' is valid

No problems found
-- run_test.py: return code 0
-- run_test.py: verify result file '/home/zhy/ckyf/ros2/my_workspace/build/my_msgs/test_results/my_msgs/xmllint.xunit.xml'
</Value>
				</Measurement>
			</Results>
			<Labels>
				<Label>linter</Label>
				<Label>xmllint</Label>
			</Labels>
		</Test>
		<EndDateTime>Jan 22 21:15 CST</EndDateTime>
		<EndTestTime>1737551754</EndTestTime>
		<ElapsedMinutes>0</ElapsedMinutes>
	</Testing>
</Site>
