Start testing: Jan 22 21:15 CST
----------------------------------------------------------
1/2 Testing: lint_cmake
1/2 Test: lint_cmake
Command: "/usr/bin/python3" "-u" "/opt/ros/humble/share/ament_cmake_test/cmake/run_test.py" "/home/zhy/ckyf/ros2/my_workspace/build/my_msgs/test_results/my_msgs/lint_cmake.xunit.xml" "--package-name" "my_msgs" "--output-file" "/home/zhy/ckyf/ros2/my_workspace/build/my_msgs/ament_lint_cmake/lint_cmake.txt" "--command" "/opt/ros/humble/bin/ament_lint_cmake" "--xunit-file" "/home/zhy/ckyf/ros2/my_workspace/build/my_msgs/test_results/my_msgs/lint_cmake.xunit.xml"
Directory: /home/zhy/ckyf/ros2/my_workspace/src/my_msgs
"lint_cmake" start time: Jan 22 21:15 CST
Output:
----------------------------------------------------------
-- run_test.py: invoking following command in '/home/zhy/ckyf/ros2/my_workspace/src/my_msgs':
 - /opt/ros/humble/bin/ament_lint_cmake --xunit-file /home/zhy/ckyf/ros2/my_workspace/build/my_msgs/test_results/my_msgs/lint_cmake.xunit.xml

No problems found
-- run_test.py: return code 0
-- run_test.py: verify result file '/home/zhy/ckyf/ros2/my_workspace/build/my_msgs/test_results/my_msgs/lint_cmake.xunit.xml'
<end of output>
Test time =   0.09 sec
----------------------------------------------------------
Test Passed.
"lint_cmake" end time: Jan 22 21:15 CST
"lint_cmake" time elapsed: 00:00:00
----------------------------------------------------------

2/2 Testing: xmllint
2/2 Test: xmllint
Command: "/usr/bin/python3" "-u" "/opt/ros/humble/share/ament_cmake_test/cmake/run_test.py" "/home/zhy/ckyf/ros2/my_workspace/build/my_msgs/test_results/my_msgs/xmllint.xunit.xml" "--package-name" "my_msgs" "--output-file" "/home/zhy/ckyf/ros2/my_workspace/build/my_msgs/ament_xmllint/xmllint.txt" "--command" "/opt/ros/humble/bin/ament_xmllint" "--xunit-file" "/home/zhy/ckyf/ros2/my_workspace/build/my_msgs/test_results/my_msgs/xmllint.xunit.xml"
Directory: /home/zhy/ckyf/ros2/my_workspace/src/my_msgs
"xmllint" start time: Jan 22 21:15 CST
Output:
----------------------------------------------------------
-- run_test.py: invoking following command in '/home/zhy/ckyf/ros2/my_workspace/src/my_msgs':
 - /opt/ros/humble/bin/ament_xmllint --xunit-file /home/zhy/ckyf/ros2/my_workspace/build/my_msgs/test_results/my_msgs/xmllint.xunit.xml
File 'package.xml' is valid

No problems found
-- run_test.py: return code 0
-- run_test.py: verify result file '/home/zhy/ckyf/ros2/my_workspace/build/my_msgs/test_results/my_msgs/xmllint.xunit.xml'
<end of output>
Test time =   3.45 sec
----------------------------------------------------------
Test Passed.
"xmllint" end time: Jan 22 21:15 CST
"xmllint" time elapsed: 00:00:03
----------------------------------------------------------

End testing: Jan 22 21:15 CST

lint_cmake =   0.09 sec*proc

linter =   3.54 sec*proc

xmllint =   3.45 sec*proc

